2020-06-30 21:26:22	INFO	::casa	
2020-06-30 21:26:22	INFO	::casa	Checking telemetry submission interval
2020-06-30 21:26:22	INFO	::casa	Telemetry submit interval not reached. Not submitting data.
2020-06-30 21:26:22	INFO	::casa	Next telemetry data submission in: 6 days, 23:54:54.758229
2020-06-30 21:26:22	INFO	::casa	CASA Version PIPELINE 5.6.1-8  
2020-06-30 21:26:23	INFO	importuvfits::utils::verify	Verifying arguments....File existence checking failed for fitsfile example.uvfits
2020-06-30 21:26:23	WARN	importuvfits::utils::verify	Argument fitsfile failed to verify.
2020-06-30 21:26:23	SEVERE	importuvfits::::	An error occurred running task importuvfits.
2020-06-30 21:26:23	INFO	tclean::utils::verify	Verifying arguments....File existence checking failed for vis imager.example.ms
2020-06-30 21:26:23	WARN	tclean::utils::verify	Argument vis failed to verify.
2020-06-30 21:26:23	SEVERE	tclean::::	An error occurred running task tclean.
2020-06-30 21:26:23	INFO	tclean::utils::verify	Verifying arguments....File existence checking failed for vis imager.example.ms
2020-06-30 21:26:23	WARN	tclean::utils::verify	Argument vis failed to verify.
2020-06-30 21:26:23	SEVERE	tclean::::	An error occurred running task tclean.
2020-06-30 21:26:23	INFO	exportfits::utils::verify	Verifying arguments....File existence checking failed for imagename imager.example.no_deconvolution.image
2020-06-30 21:26:23	WARN	exportfits::utils::verify	Argument imagename failed to verify.
2020-06-30 21:26:23	SEVERE	exportfits::::	An error occurred running task exportfits.
2020-06-30 21:26:23	INFO	exportfits::utils::verify	Verifying arguments....File existence checking failed for imagename imager.example.deconvolved.image
2020-06-30 21:26:23	WARN	exportfits::utils::verify	Argument imagename failed to verify.
2020-06-30 21:26:23	SEVERE	exportfits::::	An error occurred running task exportfits.
